<?xml version="1.0" encoding="UTF-8"?>
<testsuite xmlns:xsi="http://www.w3.org/2001/XMLSchema-instance" xsi:noNamespaceSchemaLocation="https://maven.apache.org/surefire/maven-surefire-plugin/xsd/surefire-test-report.xsd" version="3.0.2" name="com.vmlens.inttest.nonvolatile.HashSetTest" time="0.004" tests="1" errors="0" skipped="0" failures="0">
  <properties>
    <property name="java.specification.version" value="24"/>
    <property name="sun.jnu.encoding" value="UTF-8"/>
    <property name="java.class.path" value="/Users/anarkrieger/workspace/vmlens/test-cases/target/test-classes:/Users/anarkrieger/workspace/vmlens/test-cases/target/classes:/Users/anarkrieger/.m2/repository/junit/junit/4.12/junit-4.12.jar:/Users/anarkrieger/.m2/repository/org/hamcrest/hamcrest-core/1.3/hamcrest-core-1.3.jar:/Users/anarkrieger/.m2/repository/com/vmlens/api/1.2.6-SNAPSHOT/api-1.2.6-SNAPSHOT.jar:"/>
    <property name="java.vm.vendor" value="Oracle Corporation"/>
    <property name="sun.arch.data.model" value="64"/>
    <property name="java.vendor.url" value="https://java.oracle.com/"/>
    <property name="os.name" value="Mac OS X"/>
    <property name="java.vm.specification.version" value="24"/>
    <property name="sun.java.launcher" value="SUN_STANDARD"/>
    <property name="user.country" value="DE"/>
    <property name="sun.boot.library.path" value="/Users/anarkrieger/.sdkman/candidates/java/24-open/lib"/>
    <property name="sun.java.command" value="/Users/anarkrieger/workspace/vmlens/test-cases/target/surefire/surefirebooter-20250620163613474_3.jar /Users/anarkrieger/workspace/vmlens/test-cases/target/surefire 2025-06-20T16-36-13_444-jvmRun1 surefire-20250620163613474_1tmp surefire_0-20250620163613474_2tmp"/>
    <property name="http.nonProxyHosts" value="local|*.local|169.254/16|*.169.254/16"/>
    <property name="jdk.debug" value="release"/>
    <property name="surefire.test.class.path" value="/Users/anarkrieger/workspace/vmlens/test-cases/target/test-classes:/Users/anarkrieger/workspace/vmlens/test-cases/target/classes:/Users/anarkrieger/.m2/repository/junit/junit/4.12/junit-4.12.jar:/Users/anarkrieger/.m2/repository/org/hamcrest/hamcrest-core/1.3/hamcrest-core-1.3.jar:/Users/anarkrieger/.m2/repository/com/vmlens/api/1.2.6-SNAPSHOT/api-1.2.6-SNAPSHOT.jar:"/>
    <property name="sun.cpu.endian" value="little"/>
    <property name="user.home" value="/Users/anarkrieger"/>
    <property name="user.language" value="de"/>
    <property name="java.specification.vendor" value="Oracle Corporation"/>
    <property name="java.version.date" value="2025-03-18"/>
    <property name="java.home" value="/Users/anarkrieger/.sdkman/candidates/java/24-open"/>
    <property name="file.separator" value="/"/>
    <property name="basedir" value="/Users/anarkrieger/workspace/vmlens/test-cases"/>
    <property name="java.vm.compressedOopsMode" value="Zero based"/>
    <property name="line.separator" value="&#10;"/>
    <property name="java.vm.specification.vendor" value="Oracle Corporation"/>
    <property name="java.specification.name" value="Java Platform API Specification"/>
    <property name="apple.awt.application.name" value="ForkedBooter"/>
    <property name="surefire.real.class.path" value="/Users/anarkrieger/workspace/vmlens/test-cases/target/surefire/surefirebooter-20250620163613474_3.jar"/>
    <property name="sun.management.compiler" value="HotSpot 64-Bit Tiered Compilers"/>
    <property name="ftp.nonProxyHosts" value="local|*.local|169.254/16|*.169.254/16"/>
    <property name="java.runtime.version" value="24+36-3646"/>
    <property name="user.name" value="anarkrieger"/>
    <property name="stdout.encoding" value="UTF-8"/>
    <property name="path.separator" value=":"/>
    <property name="os.version" value="15.5"/>
    <property name="java.runtime.name" value="OpenJDK Runtime Environment"/>
    <property name="file.encoding" value="UTF-8"/>
    <property name="java.vm.name" value="OpenJDK 64-Bit Server VM"/>
    <property name="localRepository" value="/Users/anarkrieger/.m2/repository"/>
    <property name="java.vendor.url.bug" value="https://bugreport.java.com/bugreport/"/>
    <property name="java.io.tmpdir" value="/var/folders/24/4y2v0zx1507gzqv528sgw79r0000gn/T/"/>
    <property name="java.version" value="24"/>
    <property name="user.dir" value="/Users/anarkrieger/workspace/vmlens/test-cases"/>
    <property name="os.arch" value="aarch64"/>
    <property name="java.vm.specification.name" value="Java Virtual Machine Specification"/>
    <property name="native.encoding" value="UTF-8"/>
    <property name="java.library.path" value="/Users/anarkrieger/Library/Java/Extensions:/Library/Java/Extensions:/Network/Library/Java/Extensions:/System/Library/Java/Extensions:/usr/lib/java:."/>
    <property name="java.vm.info" value="mixed mode, sharing"/>
    <property name="stderr.encoding" value="UTF-8"/>
    <property name="java.vendor" value="Oracle Corporation"/>
    <property name="java.vm.version" value="24+36-3646"/>
    <property name="sun.io.unicode.encoding" value="UnicodeBig"/>
    <property name="socksNonProxyHosts" value="local|*.local|169.254/16|*.169.254/16"/>
    <property name="java.class.version" value="68.0"/>
  </properties>
  <testcase name="testUpdate" classname="com.vmlens.inttest.nonvolatile.HashSetTest" time="0.001"/>
</testsuite>